2019-12-12 16:30:31 INFO  DefaultTestContextBootstrapper:248 - Loaded default TestExecutionListener class names from location [META-INF/spring.factories]: [org.springframework.test.context.web.ServletTestExecutionListener, org.springframework.test.context.support.DirtiesContextBeforeModesTestExecutionListener, org.springframework.test.context.support.DependencyInjectionTestExecutionListener, org.springframework.test.context.support.DirtiesContextTestExecutionListener, org.springframework.test.context.transaction.TransactionalTestExecutionListener, org.springframework.test.context.jdbc.SqlScriptsTestExecutionListener]
2019-12-12 16:30:31 INFO  DefaultTestContextBootstrapper:177 - Using TestExecutionListeners: [org.springframework.test.context.web.ServletTestExecutionListener@3dd4520b, org.springframework.test.context.support.DirtiesContextBeforeModesTestExecutionListener@5ae63ade, org.springframework.test.context.support.DependencyInjectionTestExecutionListener@610694f1, org.springframework.test.context.support.DirtiesContextTestExecutionListener@43814d18, org.springframework.test.context.transaction.TransactionalTestExecutionListener@5c5a1b69, org.springframework.test.context.jdbc.SqlScriptsTestExecutionListener@3701eaf6]
2019-12-12 16:30:31 INFO  XmlBeanDefinitionReader:316 - Loading XML bean definitions from class path resource [appContext.xml]
2019-12-12 16:30:31 INFO  GenericApplicationContext:590 - Refreshing org.springframework.context.support.GenericApplicationContext@52feb982: startup date [Thu Dec 12 16:30:31 IST 2019]; root of context hierarchy
2019-12-12 16:30:32 INFO  MLog:212 - MLog clients using slf4j logging.
2019-12-12 16:30:32 INFO  C3P0Registry:212 - Initializing c3p0-0.9.5.2 [built 08-December-2015 22:06:04 -0800; debug? true; trace: 10]
2019-12-12 16:30:33 INFO  LocalContainerEntityManagerFactoryBean:361 - Building JPA container EntityManagerFactory for persistence unit 'V2CRM_PersistenceUnit'
2019-12-12 16:30:33 INFO  LogHelper:31 - HHH000204: Processing PersistenceUnitInfo [
	name: V2CRM_PersistenceUnit
	...]
2019-12-12 16:30:33 INFO  Version:37 - HHH000412: Hibernate Core {5.1.3.Final}
2019-12-12 16:30:33 INFO  Environment:213 - HHH000206: hibernate.properties not found
2019-12-12 16:30:33 INFO  Environment:317 - HHH000021: Bytecode provider name : javassist
2019-12-12 16:30:33 INFO  Version:66 - HCANN000001: Hibernate Commons Annotations {5.0.1.Final}
2019-12-12 16:30:33 INFO  AbstractPoolBackedDataSource:212 - Initializing c3p0 pool... com.mchange.v2.c3p0.ComboPooledDataSource [ acquireIncrement -> 3, acquireRetryAttempts -> 30, acquireRetryDelay -> 1000, autoCommitOnClose -> false, automaticTestTable -> null, breakAfterAcquireFailure -> false, checkoutTimeout -> 5000, connectionCustomizerClassName -> null, connectionTesterClassName -> com.mchange.v2.c3p0.impl.DefaultConnectionTester, contextClassLoaderSource -> caller, dataSourceName -> 1hgeby9a61xauv5q17n73xv|2bec854f, debugUnreturnedConnectionStackTraces -> false, description -> null, driverClass -> com.mysql.jdbc.Driver, extensions -> {}, factoryClassLocation -> null, forceIgnoreUnresolvedTransactions -> false, forceSynchronousCheckins -> false, forceUseNamedDriverClass -> false, identityToken -> 1hgeby9a61xauv5q17n73xv|2bec854f, idleConnectionTestPeriod -> 60, initialPoolSize -> 3, jdbcUrl -> jdbc:mysql://localhost:3306/training, maxAdministrativeTaskTime -> 0, maxConnectionAge -> 10, maxIdleTime -> 180, maxIdleTimeExcessConnections -> 0, maxPoolSize -> 25, maxStatements -> 0, maxStatementsPerConnection -> 0, minPoolSize -> 6, numHelperThreads -> 3, preferredTestQuery -> SELECT 1, privilegeSpawnedThreads -> false, properties -> {user=******, password=******}, propertyCycle -> 0, statementCacheNumDeferredCloseThreads -> 0, testConnectionOnCheckin -> true, testConnectionOnCheckout -> true, unreturnedConnectionTimeout -> 0, userOverrides -> {}, usesTraditionalReflectiveProxies -> false ]
2019-12-12 16:30:33 WARN  BasicResourcePool:220 - Bad pool size config, start 3 < min 6. Using 6 as start.
2019-12-12 16:30:34 INFO  Dialect:156 - HHH000400: Using dialect: org.hibernate.dialect.MySQL5InnoDBDialect
2019-12-12 16:30:34 INFO  EnversServiceImpl:91 - Envers integration enabled? : true
2019-12-12 16:30:36 INFO  Version:30 - HV000001: Hibernate Validator 5.4.0.Final
2019-12-12 16:30:37 INFO  LocalContainerEntityManagerFactoryBean:415 - Initialized JPA EntityManagerFactory for persistence unit 'V2CRM_PersistenceUnit'
2019-12-12 16:30:38 INFO  QueryTranslatorFactoryInitiator:47 - HHH000397: Using ASTQueryTranslatorFactory
2019-12-12 16:30:39 INFO  TransactionContext:107 - Began transaction (1) for test context [DefaultTestContext@6e02721d testClass = TestCompany, testInstance = com.training.project.services.TestCompany@902fdbe, testMethod = testCreateCompany@TestCompany, testException = [null], mergedContextConfiguration = [MergedContextConfiguration@796d33eb testClass = TestCompany, locations = '{classpath:appContext.xml}', classes = '{}', contextInitializerClasses = '[]', activeProfiles = '{}', propertySourceLocations = '{}', propertySourceProperties = '{}', contextCustomizers = set[[empty]], contextLoader = 'org.springframework.test.context.support.DelegatingSmartContextLoader', parent = [null]], attributes = map[[empty]]]; transaction manager [org.springframework.orm.jpa.JpaTransactionManager@55acec99]; rollback [false]
2019-12-12 16:30:39 INFO  TestCompany:27 - Helloe world
2019-12-12 16:30:39 INFO  GlobalSettings:113 - Trying to find Dozer configuration file: dozer.properties
2019-12-12 16:30:39 WARN  GlobalSettings:118 - Dozer configuration file not found: dozer.properties.  Using defaults for all Dozer global properties.
2019-12-12 16:30:39 INFO  DozerInitializer:75 - Initializing Dozer. Version: 5.5.0, Thread Name: main
2019-12-12 16:30:39 INFO  JMXPlatformImpl:66 - Dozer JMX MBean [org.dozer.jmx:type=DozerStatisticsController] auto registered with the Platform MBean Server
2019-12-12 16:30:39 INFO  JMXPlatformImpl:66 - Dozer JMX MBean [org.dozer.jmx:type=DozerAdminController] auto registered with the Platform MBean Server
2019-12-12 16:30:39 INFO  DozerBeanMapper:175 - Initializing a new instance of dozer bean mapper.
2019-12-12 16:30:40 INFO  TransactionContext:139 - Committed transaction for test: [DefaultTestContext@6e02721d testClass = TestCompany, testInstance = com.training.project.services.TestCompany@902fdbe, testMethod = testCreateCompany@TestCompany, testException = [null], mergedContextConfiguration = [MergedContextConfiguration@796d33eb testClass = TestCompany, locations = '{classpath:appContext.xml}', classes = '{}', contextInitializerClasses = '[]', activeProfiles = '{}', propertySourceLocations = '{}', propertySourceProperties = '{}', contextCustomizers = set[[empty]], contextLoader = 'org.springframework.test.context.support.DelegatingSmartContextLoader', parent = [null]], attributes = map[[empty]]]
2019-12-12 16:30:40 INFO  GenericApplicationContext:993 - Closing org.springframework.context.support.GenericApplicationContext@52feb982: startup date [Thu Dec 12 16:30:31 IST 2019]; root of context hierarchy
2019-12-12 16:30:40 INFO  LocalContainerEntityManagerFactoryBean:597 - Closing JPA EntityManagerFactory for persistence unit 'V2CRM_PersistenceUnit'
2019-12-12 16:31:49 INFO  DefaultTestContextBootstrapper:248 - Loaded default TestExecutionListener class names from location [META-INF/spring.factories]: [org.springframework.test.context.web.ServletTestExecutionListener, org.springframework.test.context.support.DirtiesContextBeforeModesTestExecutionListener, org.springframework.test.context.support.DependencyInjectionTestExecutionListener, org.springframework.test.context.support.DirtiesContextTestExecutionListener, org.springframework.test.context.transaction.TransactionalTestExecutionListener, org.springframework.test.context.jdbc.SqlScriptsTestExecutionListener]
2019-12-12 16:31:49 INFO  DefaultTestContextBootstrapper:177 - Using TestExecutionListeners: [org.springframework.test.context.web.ServletTestExecutionListener@3dd4520b, org.springframework.test.context.support.DirtiesContextBeforeModesTestExecutionListener@5ae63ade, org.springframework.test.context.support.DependencyInjectionTestExecutionListener@610694f1, org.springframework.test.context.support.DirtiesContextTestExecutionListener@43814d18, org.springframework.test.context.transaction.TransactionalTestExecutionListener@5c5a1b69, org.springframework.test.context.jdbc.SqlScriptsTestExecutionListener@3701eaf6]
2019-12-12 16:31:49 INFO  XmlBeanDefinitionReader:316 - Loading XML bean definitions from class path resource [appContext.xml]
2019-12-12 16:31:50 INFO  GenericApplicationContext:590 - Refreshing org.springframework.context.support.GenericApplicationContext@52feb982: startup date [Thu Dec 12 16:31:50 IST 2019]; root of context hierarchy
2019-12-12 16:31:50 INFO  MLog:212 - MLog clients using slf4j logging.
2019-12-12 16:31:51 INFO  C3P0Registry:212 - Initializing c3p0-0.9.5.2 [built 08-December-2015 22:06:04 -0800; debug? true; trace: 10]
2019-12-12 16:31:51 INFO  LocalContainerEntityManagerFactoryBean:361 - Building JPA container EntityManagerFactory for persistence unit 'V2CRM_PersistenceUnit'
2019-12-12 16:31:51 INFO  LogHelper:31 - HHH000204: Processing PersistenceUnitInfo [
	name: V2CRM_PersistenceUnit
	...]
2019-12-12 16:31:51 INFO  Version:37 - HHH000412: Hibernate Core {5.1.3.Final}
2019-12-12 16:31:51 INFO  Environment:213 - HHH000206: hibernate.properties not found
2019-12-12 16:31:51 INFO  Environment:317 - HHH000021: Bytecode provider name : javassist
2019-12-12 16:31:51 INFO  Version:66 - HCANN000001: Hibernate Commons Annotations {5.0.1.Final}
2019-12-12 16:31:51 INFO  AbstractPoolBackedDataSource:212 - Initializing c3p0 pool... com.mchange.v2.c3p0.ComboPooledDataSource [ acquireIncrement -> 3, acquireRetryAttempts -> 30, acquireRetryDelay -> 1000, autoCommitOnClose -> false, automaticTestTable -> null, breakAfterAcquireFailure -> false, checkoutTimeout -> 5000, connectionCustomizerClassName -> null, connectionTesterClassName -> com.mchange.v2.c3p0.impl.DefaultConnectionTester, contextClassLoaderSource -> caller, dataSourceName -> 1hgeby9a61xawjeq17hcpv7|2bec854f, debugUnreturnedConnectionStackTraces -> false, description -> null, driverClass -> com.mysql.jdbc.Driver, extensions -> {}, factoryClassLocation -> null, forceIgnoreUnresolvedTransactions -> false, forceSynchronousCheckins -> false, forceUseNamedDriverClass -> false, identityToken -> 1hgeby9a61xawjeq17hcpv7|2bec854f, idleConnectionTestPeriod -> 60, initialPoolSize -> 3, jdbcUrl -> jdbc:mysql://localhost:3306/training, maxAdministrativeTaskTime -> 0, maxConnectionAge -> 10, maxIdleTime -> 180, maxIdleTimeExcessConnections -> 0, maxPoolSize -> 25, maxStatements -> 0, maxStatementsPerConnection -> 0, minPoolSize -> 6, numHelperThreads -> 3, preferredTestQuery -> SELECT 1, privilegeSpawnedThreads -> false, properties -> {user=******, password=******}, propertyCycle -> 0, statementCacheNumDeferredCloseThreads -> 0, testConnectionOnCheckin -> true, testConnectionOnCheckout -> true, unreturnedConnectionTimeout -> 0, userOverrides -> {}, usesTraditionalReflectiveProxies -> false ]
2019-12-12 16:31:51 WARN  BasicResourcePool:220 - Bad pool size config, start 3 < min 6. Using 6 as start.
2019-12-12 16:31:52 INFO  Dialect:156 - HHH000400: Using dialect: org.hibernate.dialect.MySQL5InnoDBDialect
2019-12-12 16:31:52 INFO  EnversServiceImpl:91 - Envers integration enabled? : true
2019-12-12 16:31:54 INFO  Version:30 - HV000001: Hibernate Validator 5.4.0.Final
2019-12-12 16:31:55 INFO  LocalContainerEntityManagerFactoryBean:415 - Initialized JPA EntityManagerFactory for persistence unit 'V2CRM_PersistenceUnit'
2019-12-12 16:31:56 INFO  QueryTranslatorFactoryInitiator:47 - HHH000397: Using ASTQueryTranslatorFactory
2019-12-12 16:31:57 INFO  TransactionContext:107 - Began transaction (1) for test context [DefaultTestContext@6e02721d testClass = TestCompany, testInstance = com.training.project.services.TestCompany@902fdbe, testMethod = testCreateCompany@TestCompany, testException = [null], mergedContextConfiguration = [MergedContextConfiguration@796d33eb testClass = TestCompany, locations = '{classpath:appContext.xml}', classes = '{}', contextInitializerClasses = '[]', activeProfiles = '{}', propertySourceLocations = '{}', propertySourceProperties = '{}', contextCustomizers = set[[empty]], contextLoader = 'org.springframework.test.context.support.DelegatingSmartContextLoader', parent = [null]], attributes = map[[empty]]]; transaction manager [org.springframework.orm.jpa.JpaTransactionManager@55acec99]; rollback [false]
2019-12-12 16:31:57 INFO  TestCompany:27 - Helloe world
2019-12-12 16:31:57 INFO  GlobalSettings:113 - Trying to find Dozer configuration file: dozer.properties
2019-12-12 16:31:57 WARN  GlobalSettings:118 - Dozer configuration file not found: dozer.properties.  Using defaults for all Dozer global properties.
2019-12-12 16:31:57 INFO  DozerInitializer:75 - Initializing Dozer. Version: 5.5.0, Thread Name: main
2019-12-12 16:31:57 INFO  JMXPlatformImpl:66 - Dozer JMX MBean [org.dozer.jmx:type=DozerStatisticsController] auto registered with the Platform MBean Server
2019-12-12 16:31:57 INFO  JMXPlatformImpl:66 - Dozer JMX MBean [org.dozer.jmx:type=DozerAdminController] auto registered with the Platform MBean Server
2019-12-12 16:31:57 INFO  DozerBeanMapper:175 - Initializing a new instance of dozer bean mapper.
2019-12-12 16:31:57 INFO  TransactionContext:139 - Committed transaction for test: [DefaultTestContext@6e02721d testClass = TestCompany, testInstance = com.training.project.services.TestCompany@902fdbe, testMethod = testCreateCompany@TestCompany, testException = [null], mergedContextConfiguration = [MergedContextConfiguration@796d33eb testClass = TestCompany, locations = '{classpath:appContext.xml}', classes = '{}', contextInitializerClasses = '[]', activeProfiles = '{}', propertySourceLocations = '{}', propertySourceProperties = '{}', contextCustomizers = set[[empty]], contextLoader = 'org.springframework.test.context.support.DelegatingSmartContextLoader', parent = [null]], attributes = map[[empty]]]
2019-12-12 16:31:57 INFO  GenericApplicationContext:993 - Closing org.springframework.context.support.GenericApplicationContext@52feb982: startup date [Thu Dec 12 16:31:50 IST 2019]; root of context hierarchy
2019-12-12 16:31:57 INFO  LocalContainerEntityManagerFactoryBean:597 - Closing JPA EntityManagerFactory for persistence unit 'V2CRM_PersistenceUnit'
