2019-12-14 18:18:20 DEBUG JpaTransactionManager:372 - Creating new transaction with name [com.training.project.services.TestCompany.testCreateCompany]: PROPAGATION_REQUIRED,ISOLATION_DEFAULT; ''
2019-12-14 18:18:20 DEBUG JpaTransactionManager:391 - Opened new EntityManager [org.hibernate.jpa.internal.EntityManagerImpl@12270a01] for JPA transaction
2019-12-14 18:18:20 DEBUG TransactionImpl:51 - begin
2019-12-14 18:18:20 DEBUG C3P0PooledConnectionPool:204 - Testing PooledConnection [com.mchange.v2.c3p0.impl.NewPooledConnection@1deac08] on CHECKOUT.
2019-12-14 18:18:20 DEBUG C3P0PooledConnectionPool:204 - Test of PooledConnection [com.mchange.v2.c3p0.impl.NewPooledConnection@1deac08] on CHECKOUT has SUCCEEDED.
2019-12-14 18:18:20 DEBUG JpaTransactionManager:423 - Exposing JPA transaction as JDBC transaction [org.springframework.orm.jpa.vendor.HibernateJpaDialect$HibernateConnectionHandle@51fb5fe6]
2019-12-14 18:18:20 INFO  TransactionContext:107 - Began transaction (1) for test context [DefaultTestContext@6cf0e0ba testClass = TestCompany, testInstance = com.training.project.services.TestCompany@689604d9, testMethod = testCreateCompany@TestCompany, testException = [null], mergedContextConfiguration = [MergedContextConfiguration@7d8995e testClass = TestCompany, locations = '{classpath:appContext.xml}', classes = '{}', contextInitializerClasses = '[]', activeProfiles = '{}', propertySourceLocations = '{}', propertySourceProperties = '{}', contextCustomizers = set[[empty]], contextLoader = 'org.springframework.test.context.support.DelegatingSmartContextLoader', parent = [null]], attributes = map[[empty]]]; transaction manager [org.springframework.orm.jpa.JpaTransactionManager@424a152f]; rollback [false]
2019-12-14 18:18:20 INFO  TestCompany:29 - Helloe world111111111
2019-12-14 18:18:20 DEBUG TestCompany:30 - Helloeqqq world1111111111111111111111
2019-12-14 18:18:20 DEBUG AnnotationTransactionAttributeSource:117 - Adding transactional method 'com.training.project.services.impl.CompanyServiceImpl.saveOrUpdate' with attribute: PROPAGATION_REQUIRED,ISOLATION_DEFAULT; ''
2019-12-14 18:18:20 DEBUG DefaultListableBeanFactory:254 - Returning cached instance of singleton bean 'transactionManager'
2019-12-14 18:18:20 DEBUG JpaTransactionManager:354 - Found thread-bound EntityManager [org.hibernate.jpa.internal.EntityManagerImpl@12270a01] for JPA transaction
2019-12-14 18:18:20 DEBUG JpaTransactionManager:473 - Participating in existing transaction
2019-12-14 18:18:20 DEBUG SQL:92 - select company0_.id as id1_0_, company0_.companyDescription as companyD2_0_, company0_.companyId as companyI3_0_, company0_.companyName as companyN4_0_, company0_.createDate as createDa5_0_, company0_.createdBy as createdB6_0_, company0_.updateDate as updateDa7_0_, company0_.updatedBy as updatedB8_0_, company0_.version as version9_0_, company0_.active as active10_0_, company0_.companyLocation as company11_0_, company0_.companyType as company12_0_, company0_.logoBigUrl as logoBig13_0_, company0_.logoSmallUrl as logoSma14_0_, company0_.singlePointOfContactEmail as singleP15_0_, company0_.singlePointOfContactPhone as singleP16_0_ from Company company0_ where company0_.companyName=? and company0_.companyId=?
2019-12-14 18:18:20 DEBUG Loader:384 - Result set row: 0
2019-12-14 18:18:20 DEBUG Loader:1521 - Result row: EntityKey[com.training.project.data.Company#3]
2019-12-14 18:18:20 DEBUG TwoPhaseLoad:141 - Resolving associations for [com.training.project.data.Company#3]
2019-12-14 18:18:20 DEBUG TwoPhaseLoad:267 - Done materializing entity [com.training.project.data.Company#3]
2019-12-14 18:18:20 INFO  GlobalSettings:113 - Trying to find Dozer configuration file: dozer.properties
2019-12-14 18:18:20 WARN  GlobalSettings:118 - Dozer configuration file not found: dozer.properties.  Using defaults for all Dozer global properties.
2019-12-14 18:18:20 INFO  DozerInitializer:75 - Initializing Dozer. Version: 5.5.0, Thread Name: main
2019-12-14 18:18:20 INFO  JMXPlatformImpl:66 - Dozer JMX MBean [org.dozer.jmx:type=DozerStatisticsController] auto registered with the Platform MBean Server
2019-12-14 18:18:20 INFO  JMXPlatformImpl:66 - Dozer JMX MBean [org.dozer.jmx:type=DozerAdminController] auto registered with the Platform MBean Server
2019-12-14 18:18:20 INFO  DozerBeanMapper:175 - Initializing a new instance of dozer bean mapper.
2019-12-14 18:18:21 DEBUG BooleanConverter:353 - Setting default value: false
2019-12-14 18:18:21 DEBUG BooleanConverter:140 - Converting 'Boolean' value 'false' to type 'Boolean'
2019-12-14 18:18:21 DEBUG BooleanConverter:162 -     No conversion required, value is already a Boolean
2019-12-14 18:18:21 DEBUG ByteConverter:353 - Setting default value: 0
2019-12-14 18:18:21 DEBUG ByteConverter:140 - Converting 'Integer' value '0' to type 'Byte'
2019-12-14 18:18:21 DEBUG ByteConverter:171 -     Converted to Byte value '0'
2019-12-14 18:18:21 DEBUG CharacterConverter:353 - Setting default value:  
2019-12-14 18:18:21 DEBUG CharacterConverter:140 - Converting 'Character' value ' ' to type 'Character'
2019-12-14 18:18:21 DEBUG CharacterConverter:162 -     No conversion required, value is already a Character
2019-12-14 18:18:21 DEBUG DoubleConverter:353 - Setting default value: 0
2019-12-14 18:18:21 DEBUG DoubleConverter:140 - Converting 'Integer' value '0' to type 'Double'
2019-12-14 18:18:21 DEBUG DoubleConverter:171 -     Converted to Double value '0.0'
2019-12-14 18:18:21 DEBUG FloatConverter:353 - Setting default value: 0
2019-12-14 18:18:21 DEBUG FloatConverter:140 - Converting 'Integer' value '0' to type 'Float'
2019-12-14 18:18:21 DEBUG FloatConverter:171 -     Converted to Float value '0.0'
2019-12-14 18:18:21 DEBUG IntegerConverter:353 - Setting default value: 0
2019-12-14 18:18:21 DEBUG IntegerConverter:140 - Converting 'Integer' value '0' to type 'Integer'
2019-12-14 18:18:21 DEBUG IntegerConverter:162 -     No conversion required, value is already a Integer
2019-12-14 18:18:21 DEBUG LongConverter:353 - Setting default value: 0
2019-12-14 18:18:21 DEBUG LongConverter:140 - Converting 'Integer' value '0' to type 'Long'
2019-12-14 18:18:21 DEBUG LongConverter:171 -     Converted to Long value '0'
2019-12-14 18:18:21 DEBUG ShortConverter:353 - Setting default value: 0
2019-12-14 18:18:21 DEBUG ShortConverter:140 - Converting 'Integer' value '0' to type 'Short'
2019-12-14 18:18:21 DEBUG ShortConverter:171 -     Converted to Short value '0'
2019-12-14 18:18:21 DEBUG BigDecimalConverter:353 - Setting default value: 0.0
2019-12-14 18:18:21 DEBUG BigDecimalConverter:140 - Converting 'BigDecimal' value '0.0' to type 'BigDecimal'
2019-12-14 18:18:21 DEBUG BigDecimalConverter:162 -     No conversion required, value is already a BigDecimal
2019-12-14 18:18:21 DEBUG BigIntegerConverter:353 - Setting default value: 0
2019-12-14 18:18:21 DEBUG BigIntegerConverter:140 - Converting 'BigInteger' value '0' to type 'BigInteger'
2019-12-14 18:18:21 DEBUG BigIntegerConverter:162 -     No conversion required, value is already a BigInteger
2019-12-14 18:18:21 DEBUG BooleanConverter:353 - Setting default value: false
2019-12-14 18:18:21 DEBUG BooleanConverter:140 - Converting 'Boolean' value 'false' to type 'Boolean'
2019-12-14 18:18:21 DEBUG BooleanConverter:162 -     No conversion required, value is already a Boolean
2019-12-14 18:18:21 DEBUG ByteConverter:353 - Setting default value: 0
2019-12-14 18:18:21 DEBUG ByteConverter:140 - Converting 'Integer' value '0' to type 'Byte'
2019-12-14 18:18:21 DEBUG ByteConverter:171 -     Converted to Byte value '0'
2019-12-14 18:18:21 DEBUG CharacterConverter:353 - Setting default value:  
2019-12-14 18:18:21 DEBUG CharacterConverter:140 - Converting 'Character' value ' ' to type 'Character'
2019-12-14 18:18:21 DEBUG CharacterConverter:162 -     No conversion required, value is already a Character
2019-12-14 18:18:21 DEBUG DoubleConverter:353 - Setting default value: 0
2019-12-14 18:18:21 DEBUG DoubleConverter:140 - Converting 'Integer' value '0' to type 'Double'
2019-12-14 18:18:21 DEBUG DoubleConverter:171 -     Converted to Double value '0.0'
2019-12-14 18:18:21 DEBUG FloatConverter:353 - Setting default value: 0
2019-12-14 18:18:21 DEBUG FloatConverter:140 - Converting 'Integer' value '0' to type 'Float'
2019-12-14 18:18:21 DEBUG FloatConverter:171 -     Converted to Float value '0.0'
2019-12-14 18:18:21 DEBUG IntegerConverter:353 - Setting default value: 0
2019-12-14 18:18:21 DEBUG IntegerConverter:140 - Converting 'Integer' value '0' to type 'Integer'
2019-12-14 18:18:21 DEBUG IntegerConverter:162 -     No conversion required, value is already a Integer
2019-12-14 18:18:21 DEBUG LongConverter:353 - Setting default value: 0
2019-12-14 18:18:21 DEBUG LongConverter:140 - Converting 'Integer' value '0' to type 'Long'
2019-12-14 18:18:21 DEBUG LongConverter:171 -     Converted to Long value '0'
2019-12-14 18:18:21 DEBUG ShortConverter:353 - Setting default value: 0
2019-12-14 18:18:21 DEBUG ShortConverter:140 - Converting 'Integer' value '0' to type 'Short'
2019-12-14 18:18:21 DEBUG ShortConverter:171 -     Converted to Short value '0'
2019-12-14 18:18:21 DEBUG StringConverter:353 - Setting default value: 
2019-12-14 18:18:21 DEBUG StringConverter:140 - Converting 'String' value '' to type 'String'
2019-12-14 18:18:21 DEBUG ArrayConverter:353 - Setting default value: [Z@7f3e9acc
2019-12-14 18:18:21 DEBUG ArrayConverter:140 - Converting 'boolean[]' value '[Z@7f3e9acc' to type 'boolean[]'
2019-12-14 18:18:21 DEBUG ArrayConverter:162 -     No conversion required, value is already a boolean[]
2019-12-14 18:18:21 DEBUG ArrayConverter:353 - Setting default value: [B@47d4e28a
2019-12-14 18:18:21 DEBUG ArrayConverter:140 - Converting 'byte[]' value '[B@47d4e28a' to type 'byte[]'
2019-12-14 18:18:21 DEBUG ArrayConverter:162 -     No conversion required, value is already a byte[]
2019-12-14 18:18:21 DEBUG ArrayConverter:353 - Setting default value: [C@177068db
2019-12-14 18:18:21 DEBUG ArrayConverter:140 - Converting 'char[]' value '[C@177068db' to type 'char[]'
2019-12-14 18:18:21 DEBUG ArrayConverter:162 -     No conversion required, value is already a char[]
2019-12-14 18:18:21 DEBUG ArrayConverter:353 - Setting default value: [D@60f3239f
2019-12-14 18:18:21 DEBUG ArrayConverter:140 - Converting 'double[]' value '[D@60f3239f' to type 'double[]'
2019-12-14 18:18:21 DEBUG ArrayConverter:162 -     No conversion required, value is already a double[]
2019-12-14 18:18:21 DEBUG ArrayConverter:353 - Setting default value: [F@6b103db7
2019-12-14 18:18:21 DEBUG ArrayConverter:140 - Converting 'float[]' value '[F@6b103db7' to type 'float[]'
2019-12-14 18:18:21 DEBUG ArrayConverter:162 -     No conversion required, value is already a float[]
2019-12-14 18:18:21 DEBUG ArrayConverter:353 - Setting default value: [I@b3042ed
2019-12-14 18:18:21 DEBUG ArrayConverter:140 - Converting 'int[]' value '[I@b3042ed' to type 'int[]'
2019-12-14 18:18:21 DEBUG ArrayConverter:162 -     No conversion required, value is already a int[]
2019-12-14 18:18:21 DEBUG ArrayConverter:353 - Setting default value: [J@1f12d5e0
2019-12-14 18:18:21 DEBUG ArrayConverter:140 - Converting 'long[]' value '[J@1f12d5e0' to type 'long[]'
2019-12-14 18:18:21 DEBUG ArrayConverter:162 -     No conversion required, value is already a long[]
2019-12-14 18:18:21 DEBUG ArrayConverter:353 - Setting default value: [S@6604f246
2019-12-14 18:18:21 DEBUG ArrayConverter:140 - Converting 'short[]' value '[S@6604f246' to type 'short[]'
2019-12-14 18:18:21 DEBUG ArrayConverter:162 -     No conversion required, value is already a short[]
2019-12-14 18:18:21 DEBUG ArrayConverter:353 - Setting default value: [Ljava.math.BigDecimal;@c1386b4
2019-12-14 18:18:21 DEBUG ArrayConverter:140 - Converting 'BigDecimal[]' value '[Ljava.math.BigDecimal;@c1386b4' to type 'BigDecimal[]'
2019-12-14 18:18:21 DEBUG ArrayConverter:162 -     No conversion required, value is already a BigDecimal[]
2019-12-14 18:18:21 DEBUG ArrayConverter:353 - Setting default value: [Ljava.math.BigInteger;@53d9af1
2019-12-14 18:18:21 DEBUG ArrayConverter:140 - Converting 'BigInteger[]' value '[Ljava.math.BigInteger;@53d9af1' to type 'BigInteger[]'
2019-12-14 18:18:21 DEBUG ArrayConverter:162 -     No conversion required, value is already a BigInteger[]
2019-12-14 18:18:21 DEBUG ArrayConverter:353 - Setting default value: [Ljava.lang.Boolean;@c89e263
2019-12-14 18:18:21 DEBUG ArrayConverter:140 - Converting 'Boolean[]' value '[Ljava.lang.Boolean;@c89e263' to type 'Boolean[]'
2019-12-14 18:18:21 DEBUG ArrayConverter:162 -     No conversion required, value is already a Boolean[]
2019-12-14 18:18:21 DEBUG ArrayConverter:353 - Setting default value: [Ljava.lang.Byte;@4d5ea776
2019-12-14 18:18:21 DEBUG ArrayConverter:140 - Converting 'Byte[]' value '[Ljava.lang.Byte;@4d5ea776' to type 'Byte[]'
2019-12-14 18:18:21 DEBUG ArrayConverter:162 -     No conversion required, value is already a Byte[]
2019-12-14 18:18:21 DEBUG ArrayConverter:353 - Setting default value: [Ljava.lang.Character;@5d68be4f
2019-12-14 18:18:21 DEBUG ArrayConverter:140 - Converting 'Character[]' value '[Ljava.lang.Character;@5d68be4f' to type 'Character[]'
2019-12-14 18:18:21 DEBUG ArrayConverter:162 -     No conversion required, value is already a Character[]
2019-12-14 18:18:21 DEBUG ArrayConverter:353 - Setting default value: [Ljava.lang.Double;@34eb5d01
2019-12-14 18:18:21 DEBUG ArrayConverter:140 - Converting 'Double[]' value '[Ljava.lang.Double;@34eb5d01' to type 'Double[]'
2019-12-14 18:18:21 DEBUG ArrayConverter:162 -     No conversion required, value is already a Double[]
2019-12-14 18:18:21 DEBUG ArrayConverter:353 - Setting default value: [Ljava.lang.Float;@77b22b05
2019-12-14 18:18:21 DEBUG ArrayConverter:140 - Converting 'Float[]' value '[Ljava.lang.Float;@77b22b05' to type 'Float[]'
2019-12-14 18:18:21 DEBUG ArrayConverter:162 -     No conversion required, value is already a Float[]
2019-12-14 18:18:21 DEBUG ArrayConverter:353 - Setting default value: [Ljava.lang.Integer;@4fef5792
2019-12-14 18:18:21 DEBUG ArrayConverter:140 - Converting 'Integer[]' value '[Ljava.lang.Integer;@4fef5792' to type 'Integer[]'
2019-12-14 18:18:21 DEBUG ArrayConverter:162 -     No conversion required, value is already a Integer[]
2019-12-14 18:18:21 DEBUG ArrayConverter:353 - Setting default value: [Ljava.lang.Long;@57ed02e6
2019-12-14 18:18:21 DEBUG ArrayConverter:140 - Converting 'Long[]' value '[Ljava.lang.Long;@57ed02e6' to type 'Long[]'
2019-12-14 18:18:21 DEBUG ArrayConverter:162 -     No conversion required, value is already a Long[]
2019-12-14 18:18:21 DEBUG ArrayConverter:353 - Setting default value: [Ljava.lang.Short;@39004e4f
2019-12-14 18:18:21 DEBUG ArrayConverter:140 - Converting 'Short[]' value '[Ljava.lang.Short;@39004e4f' to type 'Short[]'
2019-12-14 18:18:21 DEBUG ArrayConverter:162 -     No conversion required, value is already a Short[]
2019-12-14 18:18:21 DEBUG ArrayConverter:353 - Setting default value: [Ljava.lang.String;@5f0ca069
2019-12-14 18:18:21 DEBUG ArrayConverter:140 - Converting 'String[]' value '[Ljava.lang.String;@5f0ca069' to type 'String[]'
2019-12-14 18:18:21 DEBUG ArrayConverter:162 -     No conversion required, value is already a String[]
2019-12-14 18:18:21 DEBUG ArrayConverter:353 - Setting default value: [Ljava.lang.Class;@6a6a2fdd
2019-12-14 18:18:21 DEBUG ArrayConverter:140 - Converting 'Class[]' value '[Ljava.lang.Class;@6a6a2fdd' to type 'Class[]'
2019-12-14 18:18:21 DEBUG ArrayConverter:162 -     No conversion required, value is already a Class[]
2019-12-14 18:18:21 DEBUG ArrayConverter:353 - Setting default value: [Ljava.util.Date;@552ffa44
2019-12-14 18:18:21 DEBUG ArrayConverter:140 - Converting 'Date[]' value '[Ljava.util.Date;@552ffa44' to type 'Date[]'
2019-12-14 18:18:21 DEBUG ArrayConverter:162 -     No conversion required, value is already a Date[]
2019-12-14 18:18:21 DEBUG ArrayConverter:353 - Setting default value: [Ljava.util.Calendar;@54d35ed5
2019-12-14 18:18:21 DEBUG ArrayConverter:140 - Converting 'Calendar[]' value '[Ljava.util.Calendar;@54d35ed5' to type 'Calendar[]'
2019-12-14 18:18:21 DEBUG ArrayConverter:162 -     No conversion required, value is already a Calendar[]
2019-12-14 18:18:21 DEBUG ArrayConverter:353 - Setting default value: [Ljava.io.File;@45abbd24
2019-12-14 18:18:21 DEBUG ArrayConverter:140 - Converting 'java.io.File[]' value '[Ljava.io.File;@45abbd24' to type 'java.io.File[]'
2019-12-14 18:18:21 DEBUG ArrayConverter:162 -     No conversion required, value is already a java.io.File[]
2019-12-14 18:18:21 DEBUG ArrayConverter:353 - Setting default value: [Ljava.sql.Date;@1e32037d
2019-12-14 18:18:21 DEBUG ArrayConverter:140 - Converting 'java.sql.Date[]' value '[Ljava.sql.Date;@1e32037d' to type 'java.sql.Date[]'
2019-12-14 18:18:21 DEBUG ArrayConverter:162 -     No conversion required, value is already a java.sql.Date[]
2019-12-14 18:18:21 DEBUG ArrayConverter:353 - Setting default value: [Ljava.sql.Time;@5b1420f9
2019-12-14 18:18:21 DEBUG ArrayConverter:140 - Converting 'java.sql.Time[]' value '[Ljava.sql.Time;@5b1420f9' to type 'java.sql.Time[]'
2019-12-14 18:18:21 DEBUG ArrayConverter:162 -     No conversion required, value is already a java.sql.Time[]
2019-12-14 18:18:21 DEBUG ArrayConverter:353 - Setting default value: [Ljava.sql.Timestamp;@4de93edd
2019-12-14 18:18:21 DEBUG ArrayConverter:140 - Converting 'java.sql.Timestamp[]' value '[Ljava.sql.Timestamp;@4de93edd' to type 'java.sql.Timestamp[]'
2019-12-14 18:18:21 DEBUG ArrayConverter:162 -     No conversion required, value is already a java.sql.Timestamp[]
2019-12-14 18:18:21 DEBUG ArrayConverter:353 - Setting default value: [Ljava.net.URL;@29db008c
2019-12-14 18:18:21 DEBUG ArrayConverter:140 - Converting 'java.net.URL[]' value '[Ljava.net.URL;@29db008c' to type 'java.net.URL[]'
2019-12-14 18:18:21 DEBUG ArrayConverter:162 -     No conversion required, value is already a java.net.URL[]
2019-12-14 18:18:21 DEBUG FieldMap:92 - Getting ready to invoke write method on the destination object. Dest Obj: Company, Dest value: Sat Dec 14 18:18:20 IST 2019
2019-12-14 18:18:21 DEBUG MappingProcessor:371 - MAPPED: Company.updateDate --> Company.updateDate    VALUES: Sat Dec 14 18:18:20 IST 2019 --> Sat Dec 14 18:18:20 IST 2019    MAPID: 
2019-12-14 18:18:21 DEBUG FieldMap:92 - Getting ready to invoke write method on the destination object. Dest Obj: Company, Dest value: null
2019-12-14 18:18:21 DEBUG MappingProcessor:371 - MAPPED: Company.updatedBy --> Company.updatedBy    VALUES: NULL --> NULL    MAPID: 
2019-12-14 18:18:21 DEBUG FieldMap:92 - Getting ready to invoke write method on the destination object. Dest Obj: Company, Dest value: SMALL_SCALE
2019-12-14 18:18:21 DEBUG MappingProcessor:371 - MAPPED: Company.companyType --> Company.companyType    VALUES: SMALL_SCALE --> SMALL_SCALE    MAPID: 
2019-12-14 18:18:21 DEBUG FieldMap:92 - Getting ready to invoke write method on the destination object. Dest Obj: Company, Dest value: SMALL_SCALE
2019-12-14 18:18:21 DEBUG MappingProcessor:371 - MAPPED: Company.cType --> Company.cType    VALUES: SMALL_SCALE --> SMALL_SCALE    MAPID: 
2019-12-14 18:18:21 DEBUG FieldMap:92 - Getting ready to invoke write method on the destination object. Dest Obj: Company, Dest value: nananachange
2019-12-14 18:18:21 DEBUG MappingProcessor:371 - MAPPED: Company.companyDescription --> Company.companyDescription    VALUES: nananachange --> nananachange    MAPID: 
2019-12-14 18:18:21 DEBUG FieldMap:92 - Getting ready to invoke write method on the destination object. Dest Obj: Company, Dest value: Abmware
2019-12-14 18:18:21 DEBUG MappingProcessor:371 - MAPPED: Company.companyName --> Company.companyName    VALUES: Abmware --> Abmware    MAPID: 
2019-12-14 18:18:21 DEBUG FieldMap:92 - Getting ready to invoke write method on the destination object. Dest Obj: Company, Dest value: null
2019-12-14 18:18:21 DEBUG MappingProcessor:371 - MAPPED: Company.active --> Company.active    VALUES: NULL --> NULL    MAPID: 
2019-12-14 18:18:21 DEBUG FieldMap:92 - Getting ready to invoke write method on the destination object. Dest Obj: Company, Dest value: aaabbbaaqqqqqqqqqqq
2019-12-14 18:18:21 DEBUG MappingProcessor:371 - MAPPED: Company.companyLocation --> Company.companyLocation    VALUES: aaabbbaaqqqqqqqqqqq --> aaabbbaaqqqqqqqqqqq    MAPID: 
2019-12-14 18:18:21 DEBUG FieldMap:92 - Getting ready to invoke write method on the destination object. Dest Obj: Company, Dest value: null
2019-12-14 18:18:21 DEBUG MappingProcessor:371 - MAPPED: Company.version --> Company.version    VALUES: NULL --> NULL    MAPID: 
2019-12-14 18:18:21 DEBUG FieldMap:92 - Getting ready to invoke write method on the destination object. Dest Obj: Company, Dest value: Abm
2019-12-14 18:18:21 DEBUG MappingProcessor:371 - MAPPED: Company.companyId --> Company.companyId    VALUES: Abm --> Abm    MAPID: 
2019-12-14 18:18:21 DEBUG FieldMap:92 - Getting ready to invoke write method on the destination object. Dest Obj: Company, Dest value: null
2019-12-14 18:18:21 DEBUG MappingProcessor:371 - MAPPED: Company.singlePointOfContactPhone --> Company.singlePointOfContactPhone    VALUES: NULL --> NULL    MAPID: 
2019-12-14 18:18:21 DEBUG FieldMap:92 - Getting ready to invoke write method on the destination object. Dest Obj: Company, Dest value: null
2019-12-14 18:18:21 DEBUG MappingProcessor:371 - MAPPED: Company.logoSmallUrl --> Company.logoSmallUrl    VALUES: NULL --> NULL    MAPID: 
2019-12-14 18:18:21 DEBUG FieldMap:92 - Getting ready to invoke write method on the destination object. Dest Obj: Company, Dest value: null
2019-12-14 18:18:21 DEBUG MappingProcessor:371 - MAPPED: Company.createdBy --> Company.createdBy    VALUES: NULL --> NULL    MAPID: 
2019-12-14 18:18:21 DEBUG FieldMap:92 - Getting ready to invoke write method on the destination object. Dest Obj: Company, Dest value: null
2019-12-14 18:18:21 DEBUG MappingProcessor:371 - MAPPED: Company.logoBigUrl --> Company.logoBigUrl    VALUES: NULL --> NULL    MAPID: 
2019-12-14 18:18:21 DEBUG LongConverter:140 - Converting 'Long' value '3' to type 'Long'
2019-12-14 18:18:21 DEBUG LongConverter:162 -     No conversion required, value is already a Long
2019-12-14 18:18:21 DEBUG FieldMap:92 - Getting ready to invoke write method on the destination object. Dest Obj: Company, Dest value: 3
2019-12-14 18:18:21 DEBUG MappingProcessor:371 - MAPPED: Company.id --> Company.id    VALUES: 3 --> 3    MAPID: 
2019-12-14 18:18:21 DEBUG FieldMap:92 - Getting ready to invoke write method on the destination object. Dest Obj: Company, Dest value: aacontact@thev2technologies.com
2019-12-14 18:18:21 DEBUG MappingProcessor:371 - MAPPED: Company.singlePointOfContactEmail --> Company.singlePointOfContactEmail    VALUES: aacontact@thev2technologies.com --> aacontact@thev2technologies.com    MAPID: 
2019-12-14 18:18:21 DEBUG FieldMap:92 - Getting ready to invoke write method on the destination object. Dest Obj: Company, Dest value: null
2019-12-14 18:18:21 DEBUG MappingProcessor:371 - MAPPED: Company.createDate --> Company.createDate    VALUES: NULL --> NULL    MAPID: 
2019-12-14 18:18:21 DEBUG TransactionalRepositoryProxyPostProcessor$CustomAnnotationTransactionAttributeSource:355 - Adding transactional method 'save' with attribute: PROPAGATION_REQUIRED,ISOLATION_DEFAULT; ''
2019-12-14 18:18:21 DEBUG DefaultListableBeanFactory:254 - Returning cached instance of singleton bean 'transactionManager'
2019-12-14 18:18:21 DEBUG JpaTransactionManager:354 - Found thread-bound EntityManager [org.hibernate.jpa.internal.EntityManagerImpl@12270a01] for JPA transaction
2019-12-14 18:18:21 DEBUG JpaTransactionManager:473 - Participating in existing transaction
2019-12-14 18:18:21 DEBUG DefaultMergeEventListener:92 - EntityCopyObserver strategy: disallow
2019-12-14 18:18:21 DEBUG DefaultListableBeanFactory:213 - Creating shared instance of singleton bean 'loggingAspectBean'
2019-12-14 18:18:21 DEBUG DefaultListableBeanFactory:468 - Creating instance of bean 'loggingAspectBean'
2019-12-14 18:18:21 DEBUG DefaultListableBeanFactory:254 - Returning cached instance of singleton bean 'org.springframework.transaction.config.internalTransactionAdvisor'
2019-12-14 18:18:21 DEBUG DefaultListableBeanFactory:254 - Returning cached instance of singleton bean 'org.springframework.aop.aspectj.AspectJPointcutAdvisor#0'
2019-12-14 18:18:21 DEBUG DefaultListableBeanFactory:571 - Eagerly caching bean 'loggingAspectBean' to allow for resolving potential circular references
2019-12-14 18:18:21 DEBUG DefaultListableBeanFactory:505 - Finished creating instance of bean 'loggingAspectBean'
2019-12-14 18:18:21 DEBUG BasicResourcePool:204 - Checking for expired resources - Sat Dec 14 18:18:21 IST 2019 [com.mchange.v2.resourcepool.BasicResourcePool@7808f638]
2019-12-14 18:18:21 DEBUG BasicResourcePool:204 - BEGIN check for expired resources.  [com.mchange.v2.resourcepool.BasicResourcePool@7808f638]
2019-12-14 18:18:21 DEBUG BasicResourcePool:204 - FINISHED check for expired resources.  [com.mchange.v2.resourcepool.BasicResourcePool@7808f638]
2019-12-14 18:18:24 DEBUG BasicResourcePool:204 - Checking for expired resources - Sat Dec 14 18:18:24 IST 2019 [com.mchange.v2.resourcepool.BasicResourcePool@7808f638]
2019-12-14 18:18:24 DEBUG BasicResourcePool:204 - BEGIN check for expired resources.  [com.mchange.v2.resourcepool.BasicResourcePool@7808f638]
2019-12-14 18:18:24 DEBUG BasicResourcePool:204 - EXPIRED old resource: com.mchange.v2.c3p0.impl.NewPooledConnection@58ee9ca ---> absolute_age: 11744; max_absolute_age: 10000 [com.mchange.v2.resourcepool.BasicResourcePool@7808f638]
2019-12-14 18:18:24 DEBUG BasicResourcePool:204 - Removing expired resource: com.mchange.v2.c3p0.impl.NewPooledConnection@58ee9ca [com.mchange.v2.resourcepool.BasicResourcePool@7808f638]
2019-12-14 18:18:24 DEBUG BasicResourcePool:204 - EXPIRED old resource: com.mchange.v2.c3p0.impl.NewPooledConnection@288155be ---> absolute_age: 11763; max_absolute_age: 10000 [com.mchange.v2.resourcepool.BasicResourcePool@7808f638]
2019-12-14 18:18:24 DEBUG BasicResourcePool:204 - Preparing to destroy resource: com.mchange.v2.c3p0.impl.NewPooledConnection@58ee9ca
2019-12-14 18:18:24 DEBUG BasicResourcePool:204 - Removing expired resource: com.mchange.v2.c3p0.impl.NewPooledConnection@288155be [com.mchange.v2.resourcepool.BasicResourcePool@7808f638]
2019-12-14 18:18:24 DEBUG C3P0PooledConnectionPool:204 - Preparing to destroy PooledConnection: com.mchange.v2.c3p0.impl.NewPooledConnection@58ee9ca
2019-12-14 18:18:24 DEBUG BasicResourcePool:204 - Preparing to destroy resource: com.mchange.v2.c3p0.impl.NewPooledConnection@288155be
2019-12-14 18:18:24 DEBUG C3P0PooledConnectionPool:204 - Preparing to destroy PooledConnection: com.mchange.v2.c3p0.impl.NewPooledConnection@288155be
2019-12-14 18:18:24 DEBUG BasicResourcePool:204 - EXPIRED old resource: com.mchange.v2.c3p0.impl.NewPooledConnection@6bd4c82c ---> absolute_age: 11776; max_absolute_age: 10000 [com.mchange.v2.resourcepool.BasicResourcePool@7808f638]
2019-12-14 18:18:24 DEBUG BasicResourcePool:204 - Removing expired resource: com.mchange.v2.c3p0.impl.NewPooledConnection@6bd4c82c [com.mchange.v2.resourcepool.BasicResourcePool@7808f638]
2019-12-14 18:18:24 DEBUG BasicResourcePool:204 - EXPIRED old resource: com.mchange.v2.c3p0.impl.NewPooledConnection@49d4651 ---> absolute_age: 11814; max_absolute_age: 10000 [com.mchange.v2.resourcepool.BasicResourcePool@7808f638]
2019-12-14 18:18:24 DEBUG BasicResourcePool:204 - Preparing to destroy resource: com.mchange.v2.c3p0.impl.NewPooledConnection@6bd4c82c
2019-12-14 18:18:24 DEBUG BasicResourcePool:204 - Removing expired resource: com.mchange.v2.c3p0.impl.NewPooledConnection@49d4651 [com.mchange.v2.resourcepool.BasicResourcePool@7808f638]
2019-12-14 18:18:24 DEBUG BasicResourcePool:204 - EXPIRED old resource: com.mchange.v2.c3p0.impl.NewPooledConnection@62b836b8 ---> absolute_age: 11815; max_absolute_age: 10000 [com.mchange.v2.resourcepool.BasicResourcePool@7808f638]
2019-12-14 18:18:24 DEBUG BasicResourcePool:204 - Removing expired resource: com.mchange.v2.c3p0.impl.NewPooledConnection@62b836b8 [com.mchange.v2.resourcepool.BasicResourcePool@7808f638]
2019-12-14 18:18:24 DEBUG BasicResourcePool:204 - FINISHED check for expired resources.  [com.mchange.v2.resourcepool.BasicResourcePool@7808f638]
2019-12-14 18:18:24 DEBUG C3P0PooledConnectionPool:204 - Preparing to destroy PooledConnection: com.mchange.v2.c3p0.impl.NewPooledConnection@6bd4c82c
2019-12-14 18:18:24 DEBUG C3P0PooledConnectionPool:204 - Successfully destroyed PooledConnection: com.mchange.v2.c3p0.impl.NewPooledConnection@58ee9ca
2019-12-14 18:18:24 DEBUG C3P0PooledConnectionPool:204 - Successfully destroyed PooledConnection: com.mchange.v2.c3p0.impl.NewPooledConnection@288155be
2019-12-14 18:18:24 DEBUG BasicResourcePool:204 - Successfully destroyed resource: com.mchange.v2.c3p0.impl.NewPooledConnection@58ee9ca
2019-12-14 18:18:24 DEBUG C3P0PooledConnectionPool:204 - Successfully destroyed PooledConnection: com.mchange.v2.c3p0.impl.NewPooledConnection@6bd4c82c
2019-12-14 18:18:24 DEBUG BasicResourcePool:204 - Successfully destroyed resource: com.mchange.v2.c3p0.impl.NewPooledConnection@288155be
2019-12-14 18:18:24 DEBUG BasicResourcePool:204 - Successfully destroyed resource: com.mchange.v2.c3p0.impl.NewPooledConnection@6bd4c82c
2019-12-14 18:18:24 DEBUG BasicResourcePool:204 - Preparing to destroy resource: com.mchange.v2.c3p0.impl.NewPooledConnection@49d4651
2019-12-14 18:18:24 DEBUG BasicResourcePool:204 - Preparing to destroy resource: com.mchange.v2.c3p0.impl.NewPooledConnection@62b836b8
2019-12-14 18:18:24 DEBUG C3P0PooledConnectionPool:204 - Preparing to destroy PooledConnection: com.mchange.v2.c3p0.impl.NewPooledConnection@49d4651
2019-12-14 18:18:24 DEBUG C3P0PooledConnectionPool:204 - Preparing to destroy PooledConnection: com.mchange.v2.c3p0.impl.NewPooledConnection@62b836b8
2019-12-14 18:18:24 DEBUG C3P0PooledConnectionPool:204 - Successfully destroyed PooledConnection: com.mchange.v2.c3p0.impl.NewPooledConnection@49d4651
2019-12-14 18:18:24 DEBUG BasicResourcePool:204 - Successfully destroyed resource: com.mchange.v2.c3p0.impl.NewPooledConnection@49d4651
2019-12-14 18:18:24 DEBUG C3P0PooledConnectionPool:204 - Successfully destroyed PooledConnection: com.mchange.v2.c3p0.impl.NewPooledConnection@62b836b8
2019-12-14 18:18:24 DEBUG BasicResourcePool:204 - Successfully destroyed resource: com.mchange.v2.c3p0.impl.NewPooledConnection@62b836b8
2019-12-14 18:18:26 DEBUG BasicResourcePool:204 - Checking for expired resources - Sat Dec 14 18:18:26 IST 2019 [com.mchange.v2.resourcepool.BasicResourcePool@7808f638]
2019-12-14 18:18:26 DEBUG BasicResourcePool:204 - BEGIN check for expired resources.  [com.mchange.v2.resourcepool.BasicResourcePool@7808f638]
2019-12-14 18:18:26 DEBUG BasicResourcePool:204 - FINISHED check for expired resources.  [com.mchange.v2.resourcepool.BasicResourcePool@7808f638]
2019-12-14 18:18:29 DEBUG BasicResourcePool:204 - Checking for expired resources - Sat Dec 14 18:18:29 IST 2019 [com.mchange.v2.resourcepool.BasicResourcePool@7808f638]
2019-12-14 18:18:29 DEBUG BasicResourcePool:204 - BEGIN check for expired resources.  [com.mchange.v2.resourcepool.BasicResourcePool@7808f638]
2019-12-14 18:18:29 DEBUG BasicResourcePool:204 - FINISHED check for expired resources.  [com.mchange.v2.resourcepool.BasicResourcePool@7808f638]
2019-12-14 18:18:31 DEBUG BasicResourcePool:204 - Checking for expired resources - Sat Dec 14 18:18:31 IST 2019 [com.mchange.v2.resourcepool.BasicResourcePool@7808f638]
2019-12-14 18:18:31 DEBUG BasicResourcePool:204 - BEGIN check for expired resources.  [com.mchange.v2.resourcepool.BasicResourcePool@7808f638]
2019-12-14 18:18:31 DEBUG BasicResourcePool:204 - FINISHED check for expired resources.  [com.mchange.v2.resourcepool.BasicResourcePool@7808f638]
2019-12-14 18:18:34 DEBUG BasicResourcePool:204 - Checking for expired resources - Sat Dec 14 18:18:34 IST 2019 [com.mchange.v2.resourcepool.BasicResourcePool@7808f638]
2019-12-14 18:18:34 DEBUG BasicResourcePool:204 - BEGIN check for expired resources.  [com.mchange.v2.resourcepool.BasicResourcePool@7808f638]
2019-12-14 18:18:34 DEBUG BasicResourcePool:204 - FINISHED check for expired resources.  [com.mchange.v2.resourcepool.BasicResourcePool@7808f638]
2019-12-14 18:18:36 DEBUG BasicResourcePool:204 - Checking for expired resources - Sat Dec 14 18:18:36 IST 2019 [com.mchange.v2.resourcepool.BasicResourcePool@7808f638]
2019-12-14 18:18:36 DEBUG BasicResourcePool:204 - BEGIN check for expired resources.  [com.mchange.v2.resourcepool.BasicResourcePool@7808f638]
2019-12-14 18:18:36 DEBUG BasicResourcePool:204 - EXPIRED old resource: com.mchange.v2.c3p0.impl.NewPooledConnection@685e57ae ---> absolute_age: 12410; max_absolute_age: 10000 [com.mchange.v2.resourcepool.BasicResourcePool@7808f638]
2019-12-14 18:18:36 DEBUG BasicResourcePool:204 - Removing expired resource: com.mchange.v2.c3p0.impl.NewPooledConnection@685e57ae [com.mchange.v2.resourcepool.BasicResourcePool@7808f638]
2019-12-14 18:18:36 DEBUG BasicResourcePool:204 - EXPIRED old resource: com.mchange.v2.c3p0.impl.NewPooledConnection@5a87f135 ---> absolute_age: 12411; max_absolute_age: 10000 [com.mchange.v2.resourcepool.BasicResourcePool@7808f638]
2019-12-14 18:18:36 DEBUG BasicResourcePool:204 - Preparing to destroy resource: com.mchange.v2.c3p0.impl.NewPooledConnection@685e57ae
2019-12-14 18:18:36 DEBUG C3P0PooledConnectionPool:204 - Preparing to destroy PooledConnection: com.mchange.v2.c3p0.impl.NewPooledConnection@685e57ae
2019-12-14 18:18:36 DEBUG BasicResourcePool:204 - Removing expired resource: com.mchange.v2.c3p0.impl.NewPooledConnection@5a87f135 [com.mchange.v2.resourcepool.BasicResourcePool@7808f638]
2019-12-14 18:18:36 DEBUG BasicResourcePool:204 - EXPIRED old resource: com.mchange.v2.c3p0.impl.NewPooledConnection@6d312b12 ---> absolute_age: 12428; max_absolute_age: 10000 [com.mchange.v2.resourcepool.BasicResourcePool@7808f638]
2019-12-14 18:18:36 DEBUG BasicResourcePool:204 - Preparing to destroy resource: com.mchange.v2.c3p0.impl.NewPooledConnection@5a87f135
2019-12-14 18:18:36 DEBUG BasicResourcePool:204 - Removing expired resource: com.mchange.v2.c3p0.impl.NewPooledConnection@6d312b12 [com.mchange.v2.resourcepool.BasicResourcePool@7808f638]
2019-12-14 18:18:36 DEBUG C3P0PooledConnectionPool:204 - Successfully destroyed PooledConnection: com.mchange.v2.c3p0.impl.NewPooledConnection@685e57ae
2019-12-14 18:18:36 DEBUG BasicResourcePool:204 - Successfully destroyed resource: com.mchange.v2.c3p0.impl.NewPooledConnection@685e57ae
2019-12-14 18:18:36 DEBUG C3P0PooledConnectionPool:204 - Preparing to destroy PooledConnection: com.mchange.v2.c3p0.impl.NewPooledConnection@5a87f135
2019-12-14 18:18:36 DEBUG BasicResourcePool:204 - Preparing to destroy resource: com.mchange.v2.c3p0.impl.NewPooledConnection@6d312b12
2019-12-14 18:18:36 DEBUG BasicResourcePool:204 - EXPIRED old resource: com.mchange.v2.c3p0.impl.NewPooledConnection@3e5f017d ---> absolute_age: 12440; max_absolute_age: 10000 [com.mchange.v2.resourcepool.BasicResourcePool@7808f638]
2019-12-14 18:18:36 DEBUG C3P0PooledConnectionPool:204 - Preparing to destroy PooledConnection: com.mchange.v2.c3p0.impl.NewPooledConnection@6d312b12
2019-12-14 18:18:36 DEBUG BasicResourcePool:204 - Removing expired resource: com.mchange.v2.c3p0.impl.NewPooledConnection@3e5f017d [com.mchange.v2.resourcepool.BasicResourcePool@7808f638]
2019-12-14 18:18:36 DEBUG C3P0PooledConnectionPool:204 - Successfully destroyed PooledConnection: com.mchange.v2.c3p0.impl.NewPooledConnection@5a87f135
2019-12-14 18:18:36 DEBUG BasicResourcePool:204 - Preparing to destroy resource: com.mchange.v2.c3p0.impl.NewPooledConnection@3e5f017d
2019-12-14 18:18:36 DEBUG C3P0PooledConnectionPool:204 - Preparing to destroy PooledConnection: com.mchange.v2.c3p0.impl.NewPooledConnection@3e5f017d
2019-12-14 18:18:36 DEBUG BasicResourcePool:204 - EXPIRED old resource: com.mchange.v2.c3p0.impl.NewPooledConnection@40c79b57 ---> absolute_age: 12456; max_absolute_age: 10000 [com.mchange.v2.resourcepool.BasicResourcePool@7808f638]
2019-12-14 18:18:36 DEBUG C3P0PooledConnectionPool:204 - Successfully destroyed PooledConnection: com.mchange.v2.c3p0.impl.NewPooledConnection@6d312b12
2019-12-14 18:18:36 DEBUG BasicResourcePool:204 - Successfully destroyed resource: com.mchange.v2.c3p0.impl.NewPooledConnection@5a87f135
2019-12-14 18:18:36 DEBUG BasicResourcePool:204 - Successfully destroyed resource: com.mchange.v2.c3p0.impl.NewPooledConnection@6d312b12
2019-12-14 18:18:36 DEBUG BasicResourcePool:204 - Removing expired resource: com.mchange.v2.c3p0.impl.NewPooledConnection@40c79b57 [com.mchange.v2.resourcepool.BasicResourcePool@7808f638]
2019-12-14 18:18:36 DEBUG C3P0PooledConnectionPool:204 - Successfully destroyed PooledConnection: com.mchange.v2.c3p0.impl.NewPooledConnection@3e5f017d
2019-12-14 18:18:36 DEBUG BasicResourcePool:204 - Preparing to destroy resource: com.mchange.v2.c3p0.impl.NewPooledConnection@40c79b57
2019-12-14 18:18:36 DEBUG C3P0PooledConnectionPool:204 - Preparing to destroy PooledConnection: com.mchange.v2.c3p0.impl.NewPooledConnection@40c79b57
2019-12-14 18:18:36 DEBUG BasicResourcePool:204 - FINISHED check for expired resources.  [com.mchange.v2.resourcepool.BasicResourcePool@7808f638]
2019-12-14 18:18:36 DEBUG BasicResourcePool:204 - Successfully destroyed resource: com.mchange.v2.c3p0.impl.NewPooledConnection@3e5f017d
2019-12-14 18:18:36 DEBUG C3P0PooledConnectionPool:204 - Successfully destroyed PooledConnection: com.mchange.v2.c3p0.impl.NewPooledConnection@40c79b57
2019-12-14 18:18:36 DEBUG BasicResourcePool:204 - Successfully destroyed resource: com.mchange.v2.c3p0.impl.NewPooledConnection@40c79b57
2019-12-14 18:18:39 DEBUG BasicResourcePool:204 - Checking for expired resources - Sat Dec 14 18:18:39 IST 2019 [com.mchange.v2.resourcepool.BasicResourcePool@7808f638]
2019-12-14 18:18:39 DEBUG BasicResourcePool:204 - BEGIN check for expired resources.  [com.mchange.v2.resourcepool.BasicResourcePool@7808f638]
2019-12-14 18:18:39 DEBUG BasicResourcePool:204 - FINISHED check for expired resources.  [com.mchange.v2.resourcepool.BasicResourcePool@7808f638]
2019-12-14 18:18:41 DEBUG BasicResourcePool:204 - Checking for expired resources - Sat Dec 14 18:18:41 IST 2019 [com.mchange.v2.resourcepool.BasicResourcePool@7808f638]
2019-12-14 18:18:41 DEBUG BasicResourcePool:204 - BEGIN check for expired resources.  [com.mchange.v2.resourcepool.BasicResourcePool@7808f638]
2019-12-14 18:18:41 DEBUG BasicResourcePool:204 - FINISHED check for expired resources.  [com.mchange.v2.resourcepool.BasicResourcePool@7808f638]
2019-12-14 18:18:44 DEBUG BasicResourcePool:204 - Checking for expired resources - Sat Dec 14 18:18:44 IST 2019 [com.mchange.v2.resourcepool.BasicResourcePool@7808f638]
2019-12-14 18:18:44 DEBUG BasicResourcePool:204 - BEGIN check for expired resources.  [com.mchange.v2.resourcepool.BasicResourcePool@7808f638]
2019-12-14 18:18:44 DEBUG BasicResourcePool:204 - FINISHED check for expired resources.  [com.mchange.v2.resourcepool.BasicResourcePool@7808f638]
2019-12-14 18:18:46 DEBUG BasicResourcePool:204 - Checking for expired resources - Sat Dec 14 18:18:46 IST 2019 [com.mchange.v2.resourcepool.BasicResourcePool@7808f638]
2019-12-14 18:18:46 DEBUG BasicResourcePool:204 - BEGIN check for expired resources.  [com.mchange.v2.resourcepool.BasicResourcePool@7808f638]
2019-12-14 18:18:46 DEBUG BasicResourcePool:204 - FINISHED check for expired resources.  [com.mchange.v2.resourcepool.BasicResourcePool@7808f638]
2019-12-14 18:18:49 DEBUG BasicResourcePool:204 - Checking for expired resources - Sat Dec 14 18:18:49 IST 2019 [com.mchange.v2.resourcepool.BasicResourcePool@7808f638]
2019-12-14 18:18:49 DEBUG BasicResourcePool:204 - BEGIN check for expired resources.  [com.mchange.v2.resourcepool.BasicResourcePool@7808f638]
2019-12-14 18:18:49 DEBUG BasicResourcePool:204 - EXPIRED old resource: com.mchange.v2.c3p0.impl.NewPooledConnection@fdf4768 ---> absolute_age: 12425; max_absolute_age: 10000 [com.mchange.v2.resourcepool.BasicResourcePool@7808f638]
2019-12-14 18:18:49 DEBUG BasicResourcePool:204 - Removing expired resource: com.mchange.v2.c3p0.impl.NewPooledConnection@fdf4768 [com.mchange.v2.resourcepool.BasicResourcePool@7808f638]
2019-12-14 18:18:49 DEBUG BasicResourcePool:204 - EXPIRED old resource: com.mchange.v2.c3p0.impl.NewPooledConnection@36ec34ba ---> absolute_age: 12431; max_absolute_age: 10000 [com.mchange.v2.resourcepool.BasicResourcePool@7808f638]
2019-12-14 18:18:49 DEBUG BasicResourcePool:204 - Preparing to destroy resource: com.mchange.v2.c3p0.impl.NewPooledConnection@fdf4768
2019-12-14 18:18:49 DEBUG BasicResourcePool:204 - Removing expired resource: com.mchange.v2.c3p0.impl.NewPooledConnection@36ec34ba [com.mchange.v2.resourcepool.BasicResourcePool@7808f638]
2019-12-14 18:18:49 DEBUG C3P0PooledConnectionPool:204 - Preparing to destroy PooledConnection: com.mchange.v2.c3p0.impl.NewPooledConnection@fdf4768
2019-12-14 18:18:49 DEBUG BasicResourcePool:204 - EXPIRED old resource: com.mchange.v2.c3p0.impl.NewPooledConnection@46df5a34 ---> absolute_age: 12442; max_absolute_age: 10000 [com.mchange.v2.resourcepool.BasicResourcePool@7808f638]
2019-12-14 18:18:49 DEBUG BasicResourcePool:204 - Preparing to destroy resource: com.mchange.v2.c3p0.impl.NewPooledConnection@36ec34ba
2019-12-14 18:18:49 DEBUG BasicResourcePool:204 - Removing expired resource: com.mchange.v2.c3p0.impl.NewPooledConnection@46df5a34 [com.mchange.v2.resourcepool.BasicResourcePool@7808f638]
2019-12-14 18:18:49 DEBUG C3P0PooledConnectionPool:204 - Preparing to destroy PooledConnection: com.mchange.v2.c3p0.impl.NewPooledConnection@36ec34ba
2019-12-14 18:18:49 DEBUG BasicResourcePool:204 - EXPIRED old resource: com.mchange.v2.c3p0.impl.NewPooledConnection@33e7dd10 ---> absolute_age: 12453; max_absolute_age: 10000 [com.mchange.v2.resourcepool.BasicResourcePool@7808f638]
2019-12-14 18:18:49 DEBUG BasicResourcePool:204 - Preparing to destroy resource: com.mchange.v2.c3p0.impl.NewPooledConnection@46df5a34
2019-12-14 18:18:49 DEBUG BasicResourcePool:204 - Removing expired resource: com.mchange.v2.c3p0.impl.NewPooledConnection@33e7dd10 [com.mchange.v2.resourcepool.BasicResourcePool@7808f638]
2019-12-14 18:18:49 DEBUG C3P0PooledConnectionPool:204 - Successfully destroyed PooledConnection: com.mchange.v2.c3p0.impl.NewPooledConnection@fdf4768
2019-12-14 18:18:49 DEBUG C3P0PooledConnectionPool:204 - Successfully destroyed PooledConnection: com.mchange.v2.c3p0.impl.NewPooledConnection@36ec34ba
2019-12-14 18:18:49 DEBUG BasicResourcePool:204 - Successfully destroyed resource: com.mchange.v2.c3p0.impl.NewPooledConnection@36ec34ba
2019-12-14 18:18:49 DEBUG BasicResourcePool:204 - Preparing to destroy resource: com.mchange.v2.c3p0.impl.NewPooledConnection@33e7dd10
2019-12-14 18:18:49 DEBUG C3P0PooledConnectionPool:204 - Preparing to destroy PooledConnection: com.mchange.v2.c3p0.impl.NewPooledConnection@33e7dd10
2019-12-14 18:18:49 DEBUG BasicResourcePool:204 - EXPIRED old resource: com.mchange.v2.c3p0.impl.NewPooledConnection@5f0495a7 ---> absolute_age: 12461; max_absolute_age: 10000 [com.mchange.v2.resourcepool.BasicResourcePool@7808f638]
2019-12-14 18:18:49 DEBUG C3P0PooledConnectionPool:204 - Preparing to destroy PooledConnection: com.mchange.v2.c3p0.impl.NewPooledConnection@46df5a34
2019-12-14 18:18:49 DEBUG BasicResourcePool:204 - Removing expired resource: com.mchange.v2.c3p0.impl.NewPooledConnection@5f0495a7 [com.mchange.v2.resourcepool.BasicResourcePool@7808f638]
2019-12-14 18:18:49 DEBUG BasicResourcePool:204 - Successfully destroyed resource: com.mchange.v2.c3p0.impl.NewPooledConnection@fdf4768
2019-12-14 18:18:49 DEBUG BasicResourcePool:204 - FINISHED check for expired resources.  [com.mchange.v2.resourcepool.BasicResourcePool@7808f638]
2019-12-14 18:18:49 DEBUG C3P0PooledConnectionPool:204 - Successfully destroyed PooledConnection: com.mchange.v2.c3p0.impl.NewPooledConnection@33e7dd10
2019-12-14 18:18:49 DEBUG C3P0PooledConnectionPool:204 - Successfully destroyed PooledConnection: com.mchange.v2.c3p0.impl.NewPooledConnection@46df5a34
2019-12-14 18:18:49 DEBUG BasicResourcePool:204 - Successfully destroyed resource: com.mchange.v2.c3p0.impl.NewPooledConnection@46df5a34
2019-12-14 18:18:49 DEBUG BasicResourcePool:204 - Preparing to destroy resource: com.mchange.v2.c3p0.impl.NewPooledConnection@5f0495a7
2019-12-14 18:18:49 DEBUG BasicResourcePool:204 - Successfully destroyed resource: com.mchange.v2.c3p0.impl.NewPooledConnection@33e7dd10
2019-12-14 18:18:49 DEBUG C3P0PooledConnectionPool:204 - Preparing to destroy PooledConnection: com.mchange.v2.c3p0.impl.NewPooledConnection@5f0495a7
2019-12-14 18:18:49 DEBUG C3P0PooledConnectionPool:204 - Successfully destroyed PooledConnection: com.mchange.v2.c3p0.impl.NewPooledConnection@5f0495a7
2019-12-14 18:18:49 DEBUG BasicResourcePool:204 - Successfully destroyed resource: com.mchange.v2.c3p0.impl.NewPooledConnection@5f0495a7
2019-12-14 18:18:51 DEBUG BasicResourcePool:204 - Checking for expired resources - Sat Dec 14 18:18:51 IST 2019 [com.mchange.v2.resourcepool.BasicResourcePool@7808f638]
2019-12-14 18:18:51 DEBUG BasicResourcePool:204 - BEGIN check for expired resources.  [com.mchange.v2.resourcepool.BasicResourcePool@7808f638]
2019-12-14 18:18:51 DEBUG BasicResourcePool:204 - FINISHED check for expired resources.  [com.mchange.v2.resourcepool.BasicResourcePool@7808f638]
2019-12-14 18:18:54 DEBUG BasicResourcePool:204 - Checking for expired resources - Sat Dec 14 18:18:54 IST 2019 [com.mchange.v2.resourcepool.BasicResourcePool@7808f638]
2019-12-14 18:18:54 DEBUG BasicResourcePool:204 - BEGIN check for expired resources.  [com.mchange.v2.resourcepool.BasicResourcePool@7808f638]
2019-12-14 18:18:54 DEBUG BasicResourcePool:204 - FINISHED check for expired resources.  [com.mchange.v2.resourcepool.BasicResourcePool@7808f638]
2019-12-14 18:18:56 DEBUG BasicResourcePool:204 - Checking for expired resources - Sat Dec 14 18:18:56 IST 2019 [com.mchange.v2.resourcepool.BasicResourcePool@7808f638]
2019-12-14 18:18:56 DEBUG BasicResourcePool:204 - BEGIN check for expired resources.  [com.mchange.v2.resourcepool.BasicResourcePool@7808f638]
2019-12-14 18:18:56 DEBUG BasicResourcePool:204 - FINISHED check for expired resources.  [com.mchange.v2.resourcepool.BasicResourcePool@7808f638]
2019-12-14 18:18:59 DEBUG BasicResourcePool:204 - Checking for expired resources - Sat Dec 14 18:18:59 IST 2019 [com.mchange.v2.resourcepool.BasicResourcePool@7808f638]
2019-12-14 18:18:59 DEBUG BasicResourcePool:204 - BEGIN check for expired resources.  [com.mchange.v2.resourcepool.BasicResourcePool@7808f638]
2019-12-14 18:18:59 DEBUG BasicResourcePool:204 - FINISHED check for expired resources.  [com.mchange.v2.resourcepool.BasicResourcePool@7808f638]
2019-12-14 18:19:01 DEBUG BasicResourcePool:204 - Checking for expired resources - Sat Dec 14 18:19:01 IST 2019 [com.mchange.v2.resourcepool.BasicResourcePool@7808f638]
2019-12-14 18:19:01 DEBUG BasicResourcePool:204 - BEGIN check for expired resources.  [com.mchange.v2.resourcepool.BasicResourcePool@7808f638]
2019-12-14 18:19:01 DEBUG BasicResourcePool:204 - EXPIRED old resource: com.mchange.v2.c3p0.impl.NewPooledConnection@d8cd06 ---> absolute_age: 12413; max_absolute_age: 10000 [com.mchange.v2.resourcepool.BasicResourcePool@7808f638]
2019-12-14 18:19:01 DEBUG BasicResourcePool:204 - Removing expired resource: com.mchange.v2.c3p0.impl.NewPooledConnection@d8cd06 [com.mchange.v2.resourcepool.BasicResourcePool@7808f638]
2019-12-14 18:19:01 DEBUG BasicResourcePool:204 - Preparing to destroy resource: com.mchange.v2.c3p0.impl.NewPooledConnection@d8cd06
2019-12-14 18:19:01 DEBUG BasicResourcePool:204 - EXPIRED old resource: com.mchange.v2.c3p0.impl.NewPooledConnection@6a1f12f5 ---> absolute_age: 12413; max_absolute_age: 10000 [com.mchange.v2.resourcepool.BasicResourcePool@7808f638]
2019-12-14 18:19:01 DEBUG C3P0PooledConnectionPool:204 - Preparing to destroy PooledConnection: com.mchange.v2.c3p0.impl.NewPooledConnection@d8cd06
2019-12-14 18:19:01 DEBUG BasicResourcePool:204 - Removing expired resource: com.mchange.v2.c3p0.impl.NewPooledConnection@6a1f12f5 [com.mchange.v2.resourcepool.BasicResourcePool@7808f638]
2019-12-14 18:19:01 DEBUG BasicResourcePool:204 - Preparing to destroy resource: com.mchange.v2.c3p0.impl.NewPooledConnection@6a1f12f5
2019-12-14 18:19:01 DEBUG C3P0PooledConnectionPool:204 - Preparing to destroy PooledConnection: com.mchange.v2.c3p0.impl.NewPooledConnection@6a1f12f5
2019-12-14 18:19:01 DEBUG C3P0PooledConnectionPool:204 - Successfully destroyed PooledConnection: com.mchange.v2.c3p0.impl.NewPooledConnection@d8cd06
2019-12-14 18:19:01 DEBUG BasicResourcePool:204 - Successfully destroyed resource: com.mchange.v2.c3p0.impl.NewPooledConnection@d8cd06
2019-12-14 18:19:01 DEBUG BasicResourcePool:204 - EXPIRED old resource: com.mchange.v2.c3p0.impl.NewPooledConnection@3eab6f4f ---> absolute_age: 12443; max_absolute_age: 10000 [com.mchange.v2.resourcepool.BasicResourcePool@7808f638]
2019-12-14 18:19:01 DEBUG BasicResourcePool:204 - Removing expired resource: com.mchange.v2.c3p0.impl.NewPooledConnection@3eab6f4f [com.mchange.v2.resourcepool.BasicResourcePool@7808f638]
2019-12-14 18:19:01 DEBUG C3P0PooledConnectionPool:204 - Successfully destroyed PooledConnection: com.mchange.v2.c3p0.impl.NewPooledConnection@6a1f12f5
2019-12-14 18:19:01 DEBUG BasicResourcePool:204 - Preparing to destroy resource: com.mchange.v2.c3p0.impl.NewPooledConnection@3eab6f4f
2019-12-14 18:19:01 DEBUG BasicResourcePool:204 - EXPIRED old resource: com.mchange.v2.c3p0.impl.NewPooledConnection@5692615b ---> absolute_age: 12450; max_absolute_age: 10000 [com.mchange.v2.resourcepool.BasicResourcePool@7808f638]
2019-12-14 18:19:01 DEBUG C3P0PooledConnectionPool:204 - Preparing to destroy PooledConnection: com.mchange.v2.c3p0.impl.NewPooledConnection@3eab6f4f
2019-12-14 18:19:01 DEBUG BasicResourcePool:204 - Successfully destroyed resource: com.mchange.v2.c3p0.impl.NewPooledConnection@6a1f12f5
2019-12-14 18:19:01 DEBUG BasicResourcePool:204 - Removing expired resource: com.mchange.v2.c3p0.impl.NewPooledConnection@5692615b [com.mchange.v2.resourcepool.BasicResourcePool@7808f638]
2019-12-14 18:19:01 DEBUG C3P0PooledConnectionPool:204 - Successfully destroyed PooledConnection: com.mchange.v2.c3p0.impl.NewPooledConnection@3eab6f4f
2019-12-14 18:19:01 DEBUG BasicResourcePool:204 - Successfully destroyed resource: com.mchange.v2.c3p0.impl.NewPooledConnection@3eab6f4f
2019-12-14 18:19:01 DEBUG BasicResourcePool:204 - Preparing to destroy resource: com.mchange.v2.c3p0.impl.NewPooledConnection@5692615b
2019-12-14 18:19:01 DEBUG BasicResourcePool:204 - EXPIRED old resource: com.mchange.v2.c3p0.impl.NewPooledConnection@49015ad ---> absolute_age: 12456; max_absolute_age: 10000 [com.mchange.v2.resourcepool.BasicResourcePool@7808f638]
2019-12-14 18:19:01 DEBUG C3P0PooledConnectionPool:204 - Preparing to destroy PooledConnection: com.mchange.v2.c3p0.impl.NewPooledConnection@5692615b
2019-12-14 18:19:01 DEBUG BasicResourcePool:204 - Removing expired resource: com.mchange.v2.c3p0.impl.NewPooledConnection@49015ad [com.mchange.v2.resourcepool.BasicResourcePool@7808f638]
2019-12-14 18:19:01 DEBUG BasicResourcePool:204 - FINISHED check for expired resources.  [com.mchange.v2.resourcepool.BasicResourcePool@7808f638]
2019-12-14 18:19:01 DEBUG C3P0PooledConnectionPool:204 - Successfully destroyed PooledConnection: com.mchange.v2.c3p0.impl.NewPooledConnection@5692615b
2019-12-14 18:19:01 DEBUG BasicResourcePool:204 - Successfully destroyed resource: com.mchange.v2.c3p0.impl.NewPooledConnection@5692615b
2019-12-14 18:19:01 DEBUG BasicResourcePool:204 - Preparing to destroy resource: com.mchange.v2.c3p0.impl.NewPooledConnection@49015ad
2019-12-14 18:19:01 DEBUG C3P0PooledConnectionPool:204 - Preparing to destroy PooledConnection: com.mchange.v2.c3p0.impl.NewPooledConnection@49015ad
2019-12-14 18:19:01 DEBUG C3P0PooledConnectionPool:204 - Successfully destroyed PooledConnection: com.mchange.v2.c3p0.impl.NewPooledConnection@49015ad
2019-12-14 18:19:01 DEBUG BasicResourcePool:204 - Successfully destroyed resource: com.mchange.v2.c3p0.impl.NewPooledConnection@49015ad
2019-12-14 18:19:04 DEBUG BasicResourcePool:204 - Checking for expired resources - Sat Dec 14 18:19:04 IST 2019 [com.mchange.v2.resourcepool.BasicResourcePool@7808f638]
2019-12-14 18:19:04 DEBUG BasicResourcePool:204 - BEGIN check for expired resources.  [com.mchange.v2.resourcepool.BasicResourcePool@7808f638]
2019-12-14 18:19:04 DEBUG BasicResourcePool:204 - FINISHED check for expired resources.  [com.mchange.v2.resourcepool.BasicResourcePool@7808f638]
2019-12-14 18:19:06 DEBUG JpaTransactionManager:743 - Initiating transaction commit
2019-12-14 18:19:06 DEBUG JpaTransactionManager:531 - Committing JPA transaction on EntityManager [org.hibernate.jpa.internal.EntityManagerImpl@12270a01]
2019-12-14 18:19:06 DEBUG TransactionImpl:62 - committing
2019-12-14 18:19:06 DEBUG AbstractFlushingEventListener:132 - Processing flush-time cascades
2019-12-14 18:19:06 DEBUG AbstractFlushingEventListener:174 - Dirty checking collections
2019-12-14 18:19:06 DEBUG AbstractFlushingEventListener:106 - Flushed: 0 insertions, 1 updates, 0 deletions to 1 objects
2019-12-14 18:19:06 DEBUG AbstractFlushingEventListener:113 - Flushed: 0 (re)creations, 0 updates, 0 removals to 0 collections
2019-12-14 18:19:06 DEBUG EntityPrinter:102 - Listing entities:
2019-12-14 18:19:06 DEBUG EntityPrinter:109 - com.training.project.data.Company{updateDate=Sat Dec 14 18:18:20 IST 2019, updatedBy=null, companyType=SMALL_SCALE, companyDescription=nananachange, companyName=Abmware, active=null, version=null, companyLocation=aaabbbaaqqqqqqqqqqq, companyId=Abm, singlePointOfContactPhone=null, logoSmallUrl=null, createdBy=null, logoBigUrl=null, id=3, singlePointOfContactEmail=aacontact@thev2technologies.com, createDate=null}
2019-12-14 18:19:06 DEBUG BasicResourcePool:204 - Checking for expired resources - Sat Dec 14 18:19:06 IST 2019 [com.mchange.v2.resourcepool.BasicResourcePool@7808f638]
2019-12-14 18:19:06 DEBUG BasicResourcePool:204 - BEGIN check for expired resources.  [com.mchange.v2.resourcepool.BasicResourcePool@7808f638]
2019-12-14 18:19:06 DEBUG BasicResourcePool:204 - FINISHED check for expired resources.  [com.mchange.v2.resourcepool.BasicResourcePool@7808f638]
2019-12-14 18:19:06 DEBUG SQL:92 - update Company set companyDescription=?, companyId=?, companyName=?, createDate=?, createdBy=?, updateDate=?, updatedBy=?, version=?, active=?, companyLocation=?, companyType=?, logoBigUrl=?, logoSmallUrl=?, singlePointOfContactEmail=?, singlePointOfContactPhone=? where id=?
2019-12-14 18:19:06 DEBUG JpaTransactionManager:622 - Closing JPA EntityManager [org.hibernate.jpa.internal.EntityManagerImpl@12270a01] after transaction
2019-12-14 18:19:06 DEBUG EntityManagerFactoryUtils:418 - Closing JPA EntityManager
2019-12-14 18:19:06 DEBUG JdbcCoordinatorImpl:191 - HHH000420: Closing un-released batch
2019-12-14 18:19:06 DEBUG C3P0PooledConnectionPool:204 - Testing PooledConnection [com.mchange.v2.c3p0.impl.NewPooledConnection@1deac08] on CHECKIN.
2019-12-14 18:19:06 INFO  TransactionContext:139 - Committed transaction for test: [DefaultTestContext@6cf0e0ba testClass = TestCompany, testInstance = com.training.project.services.TestCompany@689604d9, testMethod = testCreateCompany@TestCompany, testException = [null], mergedContextConfiguration = [MergedContextConfiguration@7d8995e testClass = TestCompany, locations = '{classpath:appContext.xml}', classes = '{}', contextInitializerClasses = '[]', activeProfiles = '{}', propertySourceLocations = '{}', propertySourceProperties = '{}', contextCustomizers = set[[empty]], contextLoader = 'org.springframework.test.context.support.DelegatingSmartContextLoader', parent = [null]], attributes = map[[empty]]]
2019-12-14 18:19:06 DEBUG C3P0PooledConnectionPool:204 - Test of PooledConnection [com.mchange.v2.c3p0.impl.NewPooledConnection@1deac08] on CHECKIN has SUCCEEDED.
2019-12-14 18:19:06 DEBUG AbstractDirtiesContextTestExecutionListener:107 - After test method: context [DefaultTestContext@6cf0e0ba testClass = TestCompany, testInstance = com.training.project.services.TestCompany@689604d9, testMethod = testCreateCompany@TestCompany, testException = [null], mergedContextConfiguration = [MergedContextConfiguration@7d8995e testClass = TestCompany, locations = '{classpath:appContext.xml}', classes = '{}', contextInitializerClasses = '[]', activeProfiles = '{}', propertySourceLocations = '{}', propertySourceProperties = '{}', contextCustomizers = set[[empty]], contextLoader = 'org.springframework.test.context.support.DelegatingSmartContextLoader', parent = [null]], attributes = map[[empty]]], class annotated with @DirtiesContext [false] with mode [null], method annotated with @DirtiesContext [false] with mode [null].
2019-12-14 18:19:06 DEBUG AbstractDirtiesContextTestExecutionListener:142 - After test class: context [DefaultTestContext@6cf0e0ba testClass = TestCompany, testInstance = [null], testMethod = [null], testException = [null], mergedContextConfiguration = [MergedContextConfiguration@7d8995e testClass = TestCompany, locations = '{classpath:appContext.xml}', classes = '{}', contextInitializerClasses = '[]', activeProfiles = '{}', propertySourceLocations = '{}', propertySourceProperties = '{}', contextCustomizers = set[[empty]], contextLoader = 'org.springframework.test.context.support.DelegatingSmartContextLoader', parent = [null]], attributes = map[[empty]]], class annotated with @DirtiesContext [false] with mode [null].
2019-12-14 18:19:06 INFO  GenericApplicationContext:993 - Closing org.springframework.context.support.GenericApplicationContext@75d4a5c2: startup date [Sat Dec 14 18:18:06 IST 2019]; root of context hierarchy
2019-12-14 18:19:06 DEBUG DefaultListableBeanFactory:254 - Returning cached instance of singleton bean 'lifecycleProcessor'
2019-12-14 18:19:06 DEBUG DefaultListableBeanFactory:493 - Destroying singletons in org.springframework.beans.factory.support.DefaultListableBeanFactory@758705fa: defining beans [companyController,loginController,companyServiceImpl,companyRestController,org.springframework.context.annotation.internalConfigurationAnnotationProcessor,org.springframework.context.annotation.internalAutowiredAnnotationProcessor,org.springframework.context.annotation.internalRequiredAnnotationProcessor,org.springframework.context.annotation.internalCommonAnnotationProcessor,org.springframework.context.annotation.internalPersistenceAnnotationProcessor,org.springframework.context.event.internalEventListenerProcessor,org.springframework.context.event.internalEventListenerFactory,org.springframework.data.jpa.repository.config.JpaRepositoryConfigExtension#0,emBeanDefinitionRegistrarPostProcessor,jpaMappingContext,jpaContext,companyRepository,org.springframework.transaction.config.internalTransactionalEventListenerFactory,org.springframework.aop.config.internalAutoProxyCreator,org.springframework.transaction.annotation.AnnotationTransactionAttributeSource#0,org.springframework.transaction.interceptor.TransactionInterceptor#0,org.springframework.transaction.config.internalTransactionAdvisor,traceInterceptor,dataSource,entityManagerFactory,transactionManager,loggingOperation,org.springframework.aop.aspectj.AspectJPointcutAdvisor#0,loggingAspectBean,org.springframework.orm.jpa.SharedEntityManagerCreator#0]; root of factory hierarchy
2019-12-14 18:19:06 DEBUG DefaultListableBeanFactory:561 - Retrieved dependent beans for bean 'jpaMappingContext': [companyRepository]
2019-12-14 18:19:07 DEBUG DefaultListableBeanFactory:561 - Retrieved dependent beans for bean 'companyRepository': [companyServiceImpl]
2019-12-14 18:19:07 DEBUG DefaultListableBeanFactory:561 - Retrieved dependent beans for bean 'companyServiceImpl': [com.training.project.services.TestCompany]
2019-12-14 18:19:07 DEBUG DefaultListableBeanFactory:561 - Retrieved dependent beans for bean '(inner bean)#359865a2': [companyRepository]
2019-12-14 18:19:07 DEBUG DefaultListableBeanFactory:561 - Retrieved dependent beans for bean '(inner bean)#5d9bb69b': [(inner bean)#359865a2]
2019-12-14 18:19:07 DEBUG DisposableBeanAdapter:246 - Invoking destroy() on bean with name 'jpaMappingContext'
2019-12-14 18:19:07 DEBUG DefaultListableBeanFactory:561 - Retrieved dependent beans for bean 'entityManagerFactory': [org.springframework.orm.jpa.SharedEntityManagerCreator#0, transactionManager]
2019-12-14 18:19:07 DEBUG DefaultListableBeanFactory:561 - Retrieved dependent beans for bean 'org.springframework.orm.jpa.SharedEntityManagerCreator#0': [jpaContext]
2019-12-14 18:19:07 DEBUG DisposableBeanAdapter:246 - Invoking destroy() on bean with name 'entityManagerFactory'
2019-12-14 18:19:07 INFO  LocalContainerEntityManagerFactoryBean:597 - Closing JPA EntityManagerFactory for persistence unit 'V2CRM_PersistenceUnit'
2019-12-14 18:19:07 DEBUG SessionFactoryImpl:1048 - HHH000031: Closing
2019-12-14 18:19:07 DEBUG AbstractServiceRegistryImpl:407 - Implicitly destroying ServiceRegistry on de-registration of all child ServiceRegistries
2019-12-14 18:19:07 DEBUG BootstrapServiceRegistryImpl:286 - Implicitly destroying Boot-strap registry on de-registration of all child ServiceRegistries
2019-12-14 18:19:07 DEBUG EntityManagerFactoryRegistry:91 - Remove: name=V2CRM_PersistenceUnit
2019-12-14 18:19:07 DEBUG DefaultListableBeanFactory:561 - Retrieved dependent beans for bean 'org.springframework.orm.jpa.vendor.HibernateJpaVendorAdapter#687ef2e0': [entityManagerFactory]
2019-12-14 18:19:07 DEBUG DisposableBeanAdapter:318 - Invoking destroy method 'close' on bean with name 'dataSource'
2019-12-14 18:19:07 DEBUG ActiveManagementCoordinator:204 - MBean: com.mchange.v2.c3p0:type=PooledDataSource,identityToken=1hgeby9a718gvjgum9j0k|33a2499c,name=1hgeby9a718gvjgum9j0k|33a2499c unregistered.
2019-12-14 18:19:07 DEBUG ActiveManagementCoordinator:204 - C3P0Registry mbean unregistered.
2019-12-14 18:19:07 DEBUG BasicResourcePool:204 - Preparing to destroy resource: com.mchange.v2.c3p0.impl.NewPooledConnection@1f70e104
2019-12-14 18:19:07 DEBUG C3P0PooledConnectionPool:204 - Preparing to destroy PooledConnection: com.mchange.v2.c3p0.impl.NewPooledConnection@1f70e104
2019-12-14 18:19:07 DEBUG C3P0PooledConnectionPool:204 - Successfully destroyed PooledConnection: com.mchange.v2.c3p0.impl.NewPooledConnection@1f70e104
2019-12-14 18:19:07 DEBUG BasicResourcePool:204 - Successfully destroyed resource: com.mchange.v2.c3p0.impl.NewPooledConnection@1f70e104
2019-12-14 18:19:07 DEBUG BasicResourcePool:204 - Preparing to destroy resource: com.mchange.v2.c3p0.impl.NewPooledConnection@1deac08
2019-12-14 18:19:07 DEBUG C3P0PooledConnectionPool:204 - Preparing to destroy PooledConnection: com.mchange.v2.c3p0.impl.NewPooledConnection@1deac08
2019-12-14 18:19:07 DEBUG C3P0PooledConnectionPool:204 - Successfully destroyed PooledConnection: com.mchange.v2.c3p0.impl.NewPooledConnection@1deac08
2019-12-14 18:19:07 DEBUG BasicResourcePool:204 - Successfully destroyed resource: com.mchange.v2.c3p0.impl.NewPooledConnection@1deac08
2019-12-14 18:19:07 DEBUG BasicResourcePool:204 - Preparing to destroy resource: com.mchange.v2.c3p0.impl.NewPooledConnection@5e0a475c
2019-12-14 18:19:07 DEBUG C3P0PooledConnectionPool:204 - Preparing to destroy PooledConnection: com.mchange.v2.c3p0.impl.NewPooledConnection@5e0a475c
2019-12-14 18:19:07 DEBUG C3P0PooledConnectionPool:204 - Successfully destroyed PooledConnection: com.mchange.v2.c3p0.impl.NewPooledConnection@5e0a475c
2019-12-14 18:19:07 DEBUG BasicResourcePool:204 - Successfully destroyed resource: com.mchange.v2.c3p0.impl.NewPooledConnection@5e0a475c
2019-12-14 18:19:07 DEBUG BasicResourcePool:204 - Preparing to destroy resource: com.mchange.v2.c3p0.impl.NewPooledConnection@395a4163
2019-12-14 18:19:07 DEBUG C3P0PooledConnectionPool:204 - Preparing to destroy PooledConnection: com.mchange.v2.c3p0.impl.NewPooledConnection@395a4163
2019-12-14 18:19:07 DEBUG C3P0PooledConnectionPool:204 - Successfully destroyed PooledConnection: com.mchange.v2.c3p0.impl.NewPooledConnection@395a4163
2019-12-14 18:19:07 DEBUG BasicResourcePool:204 - Successfully destroyed resource: com.mchange.v2.c3p0.impl.NewPooledConnection@395a4163
2019-12-14 18:19:07 DEBUG BasicResourcePool:204 - Preparing to destroy resource: com.mchange.v2.c3p0.impl.NewPooledConnection@5e81161d
2019-12-14 18:19:07 DEBUG C3P0PooledConnectionPool:204 - Preparing to destroy PooledConnection: com.mchange.v2.c3p0.impl.NewPooledConnection@5e81161d
2019-12-14 18:19:07 DEBUG C3P0PooledConnectionPool:204 - Successfully destroyed PooledConnection: com.mchange.v2.c3p0.impl.NewPooledConnection@5e81161d
2019-12-14 18:19:07 DEBUG BasicResourcePool:204 - Successfully destroyed resource: com.mchange.v2.c3p0.impl.NewPooledConnection@5e81161d
2019-12-14 18:19:07 DEBUG BasicResourcePool:204 - Preparing to destroy resource: com.mchange.v2.c3p0.impl.NewPooledConnection@315ad38
2019-12-14 18:19:07 DEBUG C3P0PooledConnectionPool:204 - Preparing to destroy PooledConnection: com.mchange.v2.c3p0.impl.NewPooledConnection@315ad38
